
DEBUG: Running node-supervisor with
DEBUG:   program 'web.coffee'
DEBUG:   --watch '.'
DEBUG:   --ignore 'undefined'
DEBUG:   --extensions 'node|js|coffee'
DEBUG:   --exec 'coffee'

DEBUG: Starting child process with 'coffee web.coffee'
DEBUG: Watching directory '/Users/admin/dev/langlab/web' for changes.
{ _id: 502951d6604e77f610000001,
  labState: 
   { questions: { visible: false },
     recorder: 
      { activityTitle: 'SemExam 2012',
        tags: 'Semester Exam|Esp 2H|2012|Period 5',
        duration: 10000,
        delay: 5000,
        recStop: 0,
        recStart: 0,
        'student-recordings': 1378,
        lastSubmit: null,
        title: 'blargy',
        question: 'q1',
        pauseMediaOnRecord: true,
        studentControl: false,
        state: 'paused-playing' },
     mediaB: 
      { fullscreen: false,
        file: null,
        visible: false,
        cache: false,
        format: false,
        autoescape: false,
        currentTime: 41.76561737060547,
        state: 'playing',
        event: 'seeking',
        playbackRate: 1,
        muted: false },
     mediaA: 
      { fullscreen: true,
        state: 'paused',
        visible: false,
        file: null,
        cache: false,
        format: false,
        autoescape: false,
        event: 'ended',
        currentTime: 0,
        playbackRate: 0.75,
        muted: false },
     whiteBoardB: 
      { visible: true,
        html: '<div></div><div><div><div><b><font size="4"><br class="Apple-interchange-newline">Verbos&nbsp;</font></b>&nbsp;<span id="1347367378417" data-config="eyJsYW5ndWFnZSI6InNwYSIsImdlbmRlciI6Im0iLCJ0ZXh0VG9TYXkiOiJMb3MgdmVyYm9zIiwicmF0ZSI6Im5vcm1hbCJ9" class="wb-tts temp-hold" contenteditable="false"><i class="icon-volume-up"></i></span>&nbsp;</div><div><b><font size="4"><br></font></b></div><div>you talk &nbsp;<span id="1347318691250" class="wb-input" data-config="eyJpZCI6MTM0NzMxOTM5NzQ5NywibGFiZWwiOiJ5b3UgdGFsayIsInBsYWNlaG9sZGVyIjoieW91IHRhbGsiLCJzaXplIjoibWVkaXVtIiwiYW5zd2VyIjoiXih0w7ogKT8oaGFibGFzfGVzdMOhcyBoYWJsYW5kbykiLCJub3RpZnlDb3JyZWN0Ijp0cnVlLCJ1c2VSZWdleCI6dHJ1ZSwiZmVlZGJhY2tzIjpbeyJleHByIjoiZXJlcyIsImZiIjoiY2FyZWZ1bCB3aXRoIHNlci9lc3RhciEifSx7ImV4cHIiOiJoYWJsIiwiZmIiOiJjb3JyZWN0IHZlcmIsIGNoZWNrIHlvdXIgZW5kaW5nIn0seyJleHByIjoiZXN0YXN8dHUiLCJmYiI6ImNoZWNrIHlvdXIgYWNjZW50cyJ9XX0=" contenteditable="false"><input type="text" class="input-medium" placeholder="you talk"><span class="notify"></span></span>&nbsp;<b><font size="4"><br></font></b></div><div><br></div><div>desafortunadamente&nbsp;&nbsp;<span id="1347320545566" data-config="eyJsYW5ndWFnZSI6InNwYSIsImdlbmRlciI6ImYiLCJ0ZXh0VG9TYXkiOiJkZXNhZm9ydHVuYWRhbWVudGUiLCJyYXRlIjoibm9ybWFsIn0=" class="wb-tts temp-hold" contenteditable="false"><i class="icon-volume-up"></i></span>&nbsp;</div><div><div><font size="4"><br></font></div><div><font size="4">1.&nbsp;</font><span id="1347281655142" class="wb-input" data-config="eyJpZCI6MTM0NzI5NzQzOTIxMywibGFiZWwiOiJUcmFuc2xhdGU6IEkgc3BlYWssIEkgYW0gc3BlYWtpbmciLCJwbGFjZWhvbGRlciI6Ikkgc3BlYWssIEkgYW0gc3BlYWtpbmciLCJzaXplIjoibWVkaXVtIiwiYW5zd2VyIjoiXih5byApPyhoYWJsb3xlc3RveSBoYWJsYW5kbykkIiwibm90aWZ5Q29ycmVjdCI6dHJ1ZSwidXNlUmVnZXgiOnRydWUsImZlZWRiYWNrcyI6W3siZXhwciI6ImhhYmwiLCJmYiI6ImNvcnJlY3QgdmVyYiwgY2hlY2sgdGhlIGVuZGluZyJ9LHsiZXhwciI6InNveSIsImZiIjoiY2FyZWZ1bCB3aXRoIHNlci9lc3RhciJ9LHsiZXhwciI6IiIsImZiIjoiIn1dfQ=="><input type="text" class="input-medium" placeholder="I speak, I am speaking"><span class="notify"></span></span><font size="4">&nbsp;<br></font></div></div><div><font size="4"><br></font></div><div><font size="4">2.&nbsp;</font><span id="1347295440308" class="wb-input" data-config="eyJpZCI6MTM0NzI5NzQ0MTYzOCwibGFiZWwiOiJ5b3UgYXJlIHNwZWFraW5nIiwicGxhY2Vob2xkZXIiOiJ5b3UgYXJlIHNwZWFraW5nIiwic2l6ZSI6Im1lZGl1bSIsImFuc3dlciI6Il4odMO6ICk/KGhhYmxhc3xlc3TDoXMgaGFibGFuZG8pJCIsIm5vdGlmeUNvcnJlY3QiOnRydWUsInVzZVJlZ2V4Ijp0cnVlLCJmZWVkYmFja3MiOlt7ImV4cHIiOiIodHV8ZXN0YXMpIiwiZmIiOiJkb24ndCBmb3JnZXQgeW91ciBhY2NlbnQgbWFya3MhISJ9LHsiZXhwciI6ImVyZXMiLCJmYiI6ImNhcmVmdWwgd2l0aCBzZXIvZXN0YXIifSx7ImV4cHIiOiJoYWJsIiwiZmIiOiJyaWdodCB2ZXJiLCBtYWtlIHN1cmUgeW91IGdldCB0aGUgZW5kaW5nIn1dfQ=="><input type="text" class="input-medium" placeholder="you are speaking"><span class="notify"></span></span><font size="4">&nbsp;<br></font></div><div><font size="4"><br></font></div><div><font size="4">3.&nbsp;</font>&nbsp;<span id="1347295874796" class="wb-input" data-config="eyJpZCI6MTM0NzI5NzQ0NDc4OCwibGFiZWwiOiJ3ZSBhcmUgcnVubmluZyIsInBsYWNlaG9sZGVyIjoid2UgYXJlIHJ1bm5pbmciLCJzaXplIjoibWVkaXVtIiwiYW5zd2VyIjoiXihub3NvdHJvcyApPyhjb3JyZW1vc3xlc3RhbW9zIGNvcnJpZW5kbykkIiwibm90aWZ5Q29ycmVjdCI6dHJ1ZSwidXNlUmVnZXgiOnRydWUsImZlZWRiYWNrcyI6W3siZXhwciI6ImNvcnIiLCJmYiI6ImNvcnJlY3QgdmVyYiwgY2hlY2sgdGhlIGVuZGluZyJ9LHsiZXhwciI6ImNvcmUiLCJmYiI6ImNvcnJlY3QgdmVyYiwgYnV0IGl0IGhhcyBhIGRvdWJsZSBsZXR0ZXIhIn0seyJleHByIjoic29tb3MiLCJmYiI6InRoZSBwcmVzZW50IHByb2dyZXNzaXZlIHVzZXMgJ2VzdGFyJywgbm90ICdzZXInIn1dfQ=="><input type="text" class="input-medium" placeholder="we are running"><span class="notify"></span></span>&nbsp;</div><div><br></div><div><br></div><div><font size="4">Estoy muy&nbsp;&nbsp;</font><span id="1347299129136" class="wb-input" data-config="eyJpZCI6MTM0NzI5OTIzODY3NiwibGFiZWwiOiJoYXBweSIsInBsYWNlaG9sZGVyIjoiaGFwcHkiLCJzaXplIjoic21hbGwiLCJhbnN3ZXIiOiJeY29udGVudChvfGEpJCIsIm5vdGlmeUNvcnJlY3QiOnRydWUsInVzZVJlZ2V4Ijp0cnVlLCJmZWVkYmFja3MiOlt7ImV4cHIiOiIiLCJmYiI6IiJ9LHsiZXhwciI6IiIsImZiIjoiIn0seyJleHByIjoiIiwiZmIiOiIifV19"><input type="text" class="input-small" placeholder="happy"><span class="notify"></span></span><font size="4">&nbsp; hoy porque es mi cumpleaños!!&nbsp;</font></div><div><br></div><div><font size="4">Tengo que&nbsp;</font>&nbsp;<span id="1347319433427" class="wb-input" data-config="eyJpZCI6MTM0NzMyMDMwMTExOCwibGFiZWwiOiJ0byBnbyIsInBsYWNlaG9sZGVyIjoidG8gZ28iLCJzaXplIjoic21hbGwiLCJhbnN3ZXIiOiJpciIsIm5vdGlmeUNvcnJlY3QiOnRydWUsInVzZVJlZ2V4Ijp0cnVlLCJmZWVkYmFja3MiOlt7ImV4cHIiOiJediIsImZiIjoiZG8geW91IGNvbmp1Z2F0ZSBhIHZlcmIgYWZ0ZXIgdGVuZXIgcXVlPyJ9LHsiZXhwciI6InZhciIsImZiIjoidG8gZ28gaXMgaXJyZWd1bGFyLCB3aGF0IGlzIHRoZSBjb3JyZWN0IGluZmluaXRpdmU/In0seyJleHByIjoiIiwiZmIiOiIifV19" contenteditable="false"><input type="text" class="input-small" placeholder="to go"><span class="notify"></span></span>&nbsp;</div><div><br></div><div><font size="4"><br></font></div><div><font size="4">ya</font></div></div></div>',
        open: true,
        state: '' },
     whiteBoardA: 
      { state: 'submit',
        open: true,
        html: '<div><i style="font-size: x-large; line-height: 1.5; "><b><u>Escucha</u></b></i><span style="font-size: x-large; line-height: 1.5; "> el video y contesta las</span><br></div><div><font size="5">preguntas a la derecha.</font></div><div>&nbsp;<span id="1347371054774" class="wb-input" data-config="eyJsYWJlbCI6IiIsInBsYWNlaG9sZGVyIjoiIiwic2l6ZSI6Im1lZGl1bSIsImFuc3dlciI6IiIsImZlZWRiYWNrIjpbXX0="><input type="text" class="medium"><span class="notify"></span></span>&nbsp;<font size="5"><br></font></div><div><font size="4">sdfasdf asdf</font></div><div><font size="4"><br></font></div><div>&nbsp;<span id="1347371852638" class="wb-input" data-config="eyJpZCI6MTM0NzM3MTk1NTY0MCwibGFiZWwiOiJjYWxvciAtPiBhZGpldGl2byIsInBsYWNlaG9sZGVyIjoiY2Fsb3IiLCJzaXplIjoic21hbGwiLCJhbnN3ZXIiOiJjYWxpZW50ZSIsIm5vdGlmeUNvcnJlY3QiOnRydWUsInVzZVJlZ2V4Ijp0cnVlLCJmZWVkYmFja3MiOlt7ImV4cHIiOiIiLCJmYiI6IiJ9LHsiZXhwciI6IiIsImZiIjoiIn0seyJleHByIjoiIiwiZmIiOiIifV19" contenteditable="false"><input type="text" class="input-small" placeholder="calor"><span class="notify"></span></span>&nbsp;<font size="4"><br></font></div><div><font size="5"><u><br></u></font></div><div><font size="4"><b><br></b></font></div><div>&nbsp;<font size="4"><b><br></b></font></div><div><br></div>',
        visible: true },
     settings: 
      { name: 'slapchop',
        tags: 'Semester Exam|Esp 2H|2012|Period 5',
        title: 'blargy' } },
  twitterData: 
   { profile_sidebar_border_color: '181A1E',
     default_profile_image: false,
     created_at: 'Fri Nov 18 16:42:04 +0000 2011',
     status: 
      { text: 'the veil of opulence and economic policy http://t.co/3r7ZiNS8',
        created_at: 'Mon Aug 13 20:36:43 +0000 2012',
        id: 235112670762786800,
        in_reply_to_status_id: null,
        source: '<a href="http://www.apple.com/" rel="nofollow">OS X</a>',
        contributors: null,
        retweeted: false,
        id_str: '235112670762786816',
        possibly_sensitive_editable: true,
        in_reply_to_screen_name: null,
        in_reply_to_user_id: null,
        geo: null,
        truncated: false,
        in_reply_to_user_id_str: null,
        retweet_count: 0,
        coordinates: null,
        in_reply_to_status_id_str: null,
        possibly_sensitive: false,
        favorited: false,
        place: null },
     url: null,
     friends_count: 191,
     follow_request_sent: false,
     profile_text_color: '666666',
     followers_count: 25,
     profile_background_image_url_https: 'https://si0.twimg.com/images/themes/theme9/bg.gif',
     screen_name: 'geodyer',
     profile_use_background_image: true,
     following: false,
     profile_image_url_https: 'https://si0.twimg.com/profile_images/1841022305/TENN_mcshot_normal.jpg',
     statuses_count: 2,
     id_str: '415656488',
     notifications: false,
     show_all_inline_media: false,
     listed_count: 0,
     geo_enabled: true,
     description: 'spanish & javascript nerd',
     profile_link_color: '2FC2EF',
     profile_background_image_url: 'http://a0.twimg.com/images/themes/theme9/bg.gif',
     time_zone: 'Eastern Time (US & Canada)',
     contributors_enabled: false,
     protected: false,
     profile_background_color: '1A1B1F',
     default_profile: false,
     is_translator: false,
     lang: 'en',
     name: 'George Dyer',
     utc_offset: -18000,
     location: 'Chattanooga, TN',
     verified: false,
     profile_sidebar_fill_color: '252429',
     profile_background_tile: false,
     profile_image_url: 'http://a0.twimg.com/profile_images/1841022305/TENN_mcshot_normal.jpg',
     favourites_count: 509,
     id: 415656488 },
  twitterId: 415656488,
  twitterImg: 'https://si0.twimg.com/profile_images/1841022305/TENN_mcshot_normal.jpg',
  twitterName: 'George Dyer',
  twitterUser: 'geodyer',
  online: false,
  piggyBank: 820,
  about: '',
  emailPref: 'important',
  email: 'georgedyer@me.com',
  teacherName: 'Señor Dyer',
  created: Mon Aug 13 2012 14:13:16 GMT-0500 (CDT),
  role: 'teacher' }
fulfilling promise
userId:  502951d6604e77f610000001
userId:  502951d6604e77f610000001
userId:  502951d6604e77f610000001
userId:  502951d6604e77f610000001
userId:  502951d6604e77f610000001
userId:  502951d6604e77f610000001
userId:  502951d6604e77f610000001
userId:  502951d6604e77f610000001
userId:  502951d6604e77f610000001
userId:  502951d6604e77f610000001
userId:  502951d6604e77f610000001
userId:  502951d6604e77f610000001
userId:  502951d6604e77f610000001
userId:  502951d6604e77f610000001
userId:  502951d6604e77f610000001
userId:  502951d6604e77f610000001
userId:  502951d6604e77f610000001
userId:  502951d6604e77f610000001
userId:  502951d6604e77f610000001
userId:  502951d6604e77f610000001
userId:  502951d6604e77f610000001
userId:  502951d6604e77f610000001
userId:  502951d6604e77f610000001
userId:  502951d6604e77f610000001
userId:  502951d6604e77f610000001
userId:  502951d6604e77f610000001
userId:  502951d6604e77f610000001
userId:  502951d6604e77f610000001
userId:  502951d6604e77f610000001
userId:  502951d6604e77f610000001
userId:  502951d6604e77f610000001
userId:  502951d6604e77f610000001
userId:  502951d6604e77f610000001
userId:  502951d6604e77f610000001
userId:  502951d6604e77f610000001
userId:  502951d6604e77f610000001
userId:  502951d6604e77f610000001
userId:  502951d6604e77f610000001
userId:  502951d6604e77f610000001
userId:  502951d6604e77f610000001
userId:  502951d6604e77f610000001
userId:  502951d6604e77f610000001
userId:  502951d6604e77f610000001
userId:  502951d6604e77f610000001
userId:  502951d6604e77f610000001
userId:  502951d6604e77f610000001
userId:  502951d6604e77f610000001
userId:  502951d6604e77f610000001
userId:  502951d6604e77f610000001
userId:  502951d6604e77f610000001
userId:  502951d6604e77f610000001
userId:  502951d6604e77f610000001
userId:  502951d6604e77f610000001
userId:  502951d6604e77f610000001
userId:  502951d6604e77f610000001
userId:  502951d6604e77f610000001
userId:  502951d6604e77f610000001
userId:  502951d6604e77f610000001
userId:  502951d6604e77f610000001
userId:  502951d6604e77f610000001
userId:  502951d6604e77f610000001
userId:  502951d6604e77f610000001
userId:  502951d6604e77f610000001
userId:  502951d6604e77f610000001
userId:  502951d6604e77f610000001
userId:  502951d6604e77f610000001
userId:  502951d6604e77f610000001
userId:  502951d6604e77f610000001
userId:  502951d6604e77f610000001
userId:  502951d6604e77f610000001
DEBUG: crashing child
DEBUG: Starting child process with 'coffee web.coffee'
DEBUG: crashing child
DEBUG: Starting child process with 'coffee web.coffee'
DEBUG: crashing child
DEBUG: Starting child process with 'coffee web.coffee'
DEBUG: crashing child
DEBUG: Starting child process with 'coffee web.coffee'
DEBUG: crashing child
DEBUG: Starting child process with 'coffee web.coffee'
DEBUG: crashing child
DEBUG: Starting child process with 'coffee web.coffee'
userId:  502951d6604e77f610000001
userId:  502951d6604e77f610000001
userId:  502951d6604e77f610000001
userId:  502951d6604e77f610000001
userId:  502951d6604e77f610000001
userId:  502951d6604e77f610000001
userId:  502951d6604e77f610000001
userId:  502951d6604e77f610000001
userId:  502951d6604e77f610000001
userId:  502951d6604e77f610000001
userId:  502951d6604e77f610000001
userId:  502951d6604e77f610000001
userId:  502951d6604e77f610000001
DEBUG: crashing child
DEBUG: Starting child process with 'coffee web.coffee'
DEBUG: crashing child
DEBUG: Starting child process with 'coffee web.coffee'
userId:  502951d6604e77f610000001
userId:  502951d6604e77f610000001
userId:  502951d6604e77f610000001
userId:  502951d6604e77f610000001
userId:  502951d6604e77f610000001
DEBUG: crashing child
DEBUG: Starting child process with 'coffee web.coffee'
DEBUG: crashing child
DEBUG: Starting child process with 'coffee web.coffee'
DEBUG: crashing child
DEBUG: Starting child process with 'coffee web.coffee'
DEBUG: crashing child
DEBUG: Starting child process with 'coffee web.coffee'
DEBUG: crashing child
DEBUG: Starting child process with 'coffee web.coffee'
DEBUG: crashing child
DEBUG: Starting child process with 'coffee web.coffee'
DEBUG: crashing child
DEBUG: Starting child process with 'coffee web.coffee'
DEBUG: crashing child
DEBUG: Starting child process with 'coffee web.coffee'
DEBUG: crashing child
DEBUG: Starting child process with 'coffee web.coffee'
DEBUG: crashing child
DEBUG: Starting child process with 'coffee web.coffee'
DEBUG: crashing child
DEBUG: Starting child process with 'coffee web.coffee'
DEBUG: crashing child
DEBUG: Starting child process with 'coffee web.coffee'
DEBUG: crashing child
DEBUG: Starting child process with 'coffee web.coffee'
DEBUG: crashing child
DEBUG: Starting child process with 'coffee web.coffee'
DEBUG: crashing child
DEBUG: Starting child process with 'coffee web.coffee'
DEBUG: crashing child
DEBUG: Starting child process with 'coffee web.coffee'
DEBUG: crashing child
DEBUG: Starting child process with 'coffee web.coffee'
DEBUG: crashing child
DEBUG: Starting child process with 'coffee web.coffee'
DEBUG: crashing child
DEBUG: Starting child process with 'coffee web.coffee'
DEBUG: crashing child
DEBUG: Starting child process with 'coffee web.coffee'
DEBUG: crashing child
DEBUG: Starting child process with 'coffee web.coffee'
DEBUG: crashing child
DEBUG: Starting child process with 'coffee web.coffee'
DEBUG: crashing child
DEBUG: Starting child process with 'coffee web.coffee'
DEBUG: crashing child
DEBUG: Starting child process with 'coffee web.coffee'
DEBUG: crashing child
DEBUG: Starting child process with 'coffee web.coffee'
DEBUG: crashing child
DEBUG: Starting child process with 'coffee web.coffee'
DEBUG: crashing child
DEBUG: Starting child process with 'coffee web.coffee'
DEBUG: crashing child
DEBUG: Starting child process with 'coffee web.coffee'
DEBUG: crashing child
DEBUG: Starting child process with 'coffee web.coffee'
DEBUG: crashing child
DEBUG: Starting child process with 'coffee web.coffee'
DEBUG: crashing child
DEBUG: Starting child process with 'coffee web.coffee'
DEBUG: crashing child
DEBUG: Starting child process with 'coffee web.coffee'
DEBUG: crashing child
DEBUG: Starting child process with 'coffee web.coffee'
DEBUG: crashing child
DEBUG: Starting child process with 'coffee web.coffee'
DEBUG: crashing child
DEBUG: Starting child process with 'coffee web.coffee'
DEBUG: crashing child
DEBUG: Starting child process with 'coffee web.coffee'
DEBUG: crashing child
DEBUG: Starting child process with 'coffee web.coffee'
DEBUG: crashing child
DEBUG: Starting child process with 'coffee web.coffee'
DEBUG: crashing child
DEBUG: Starting child process with 'coffee web.coffee'
DEBUG: crashing child
DEBUG: Starting child process with 'coffee web.coffee'
DEBUG: crashing child
DEBUG: Starting child process with 'coffee web.coffee'
DEBUG: crashing child
DEBUG: Starting child process with 'coffee web.coffee'
DEBUG: crashing child
DEBUG: Starting child process with 'coffee web.coffee'
DEBUG: crashing child
DEBUG: Starting child process with 'coffee web.coffee'
DEBUG: crashing child
DEBUG: Starting child process with 'coffee web.coffee'
DEBUG: crashing child
DEBUG: Starting child process with 'coffee web.coffee'
DEBUG: crashing child
DEBUG: Starting child process with 'coffee web.coffee'
DEBUG: crashing child
DEBUG: Starting child process with 'coffee web.coffee'
DEBUG: crashing child
DEBUG: Starting child process with 'coffee web.coffee'
DEBUG: crashing child
DEBUG: Starting child process with 'coffee web.coffee'
DEBUG: crashing child
DEBUG: Starting child process with 'coffee web.coffee'
DEBUG: crashing child
DEBUG: Starting child process with 'coffee web.coffee'
DEBUG: crashing child
DEBUG: Starting child process with 'coffee web.coffee'
DEBUG: crashing child
DEBUG: Starting child process with 'coffee web.coffee'
DEBUG: crashing child
DEBUG: Starting child process with 'coffee web.coffee'
DEBUG: crashing child
DEBUG: Starting child process with 'coffee web.coffee'
DEBUG: crashing child
DEBUG: Starting child process with 'coffee web.coffee'
DEBUG: crashing child
DEBUG: Starting child process with 'coffee web.coffee'
DEBUG: crashing child
DEBUG: Starting child process with 'coffee web.coffee'
DEBUG: crashing child
DEBUG: Starting child process with 'coffee web.coffee'
DEBUG: crashing child
DEBUG: Starting child process with 'coffee web.coffee'
DEBUG: crashing child
DEBUG: Starting child process with 'coffee web.coffee'
DEBUG: crashing child
DEBUG: Starting child process with 'coffee web.coffee'
DEBUG: crashing child
DEBUG: Starting child process with 'coffee web.coffee'
DEBUG: crashing child
DEBUG: Starting child process with 'coffee web.coffee'
DEBUG: crashing child
DEBUG: Starting child process with 'coffee web.coffee'
DEBUG: crashing child
DEBUG: Starting child process with 'coffee web.coffee'
DEBUG: crashing child
DEBUG: Starting child process with 'coffee web.coffee'
DEBUG: crashing child
DEBUG: Starting child process with 'coffee web.coffee'
DEBUG: crashing child
DEBUG: Starting child process with 'coffee web.coffee'
DEBUG: crashing child
DEBUG: Starting child process with 'coffee web.coffee'
DEBUG: crashing child
DEBUG: Starting child process with 'coffee web.coffee'
DEBUG: crashing child
DEBUG: Starting child process with 'coffee web.coffee'
DEBUG: crashing child
DEBUG: Starting child process with 'coffee web.coffee'
DEBUG: crashing child
DEBUG: Starting child process with 'coffee web.coffee'
DEBUG: crashing child
DEBUG: Starting child process with 'coffee web.coffee'
DEBUG: crashing child
DEBUG: Starting child process with 'coffee web.coffee'
DEBUG: crashing child
DEBUG: Starting child process with 'coffee web.coffee'
DEBUG: crashing child
DEBUG: Starting child process with 'coffee web.coffee'
DEBUG: crashing child
DEBUG: Starting child process with 'coffee web.coffee'
DEBUG: crashing child
DEBUG: Starting child process with 'coffee web.coffee'
DEBUG: crashing child
DEBUG: Starting child process with 'coffee web.coffee'
userId:  502951d6604e77f610000001
userId:  502951d6604e77f610000001
userId:  502951d6604e77f610000001
userId:  502951d6604e77f610000001
userId:  502951d6604e77f610000001
userId:  502951d6604e77f610000001
userId:  502951d6604e77f610000001
userId:  502951d6604e77f610000001
userId:  502951d6604e77f610000001
userId:  502951d6604e77f610000001
userId:  502951d6604e77f610000001
userId:  502951d6604e77f610000001
userId:  502951d6604e77f610000001
userId:  502951d6604e77f610000001
userId:  502951d6604e77f610000001
userId:  502951d6604e77f610000001
DEBUG: crashing child
DEBUG: Starting child process with 'coffee web.coffee'
DEBUG: crashing child
DEBUG: Starting child process with 'coffee web.coffee'
DEBUG: crashing child
DEBUG: Starting child process with 'coffee web.coffee'
userId:  502951d6604e77f610000001
userId:  502951d6604e77f610000001
userId:  502951d6604e77f610000001
userId:  502951d6604e77f610000001
userId:  502951d6604e77f610000001
userId:  502951d6604e77f610000001
userId:  502951d6604e77f610000001
userId:  502951d6604e77f610000001
userId:  502951d6604e77f610000001
userId:  502951d6604e77f610000001
userId:  502951d6604e77f610000001
userId:  502951d6604e77f610000001
userId:  502951d6604e77f610000001
DEBUG: crashing child
DEBUG: Starting child process with 'coffee web.coffee'
DEBUG: crashing child
DEBUG: Starting child process with 'coffee web.coffee'
userId:  502951d6604e77f610000001
userId:  502951d6604e77f610000001
userId:  502951d6604e77f610000001
userId:  502951d6604e77f610000001
userId:  502951d6604e77f610000001
userId:  502951d6604e77f610000001
userId:  502951d6604e77f610000001
userId:  502951d6604e77f610000001
userId:  502951d6604e77f610000001
userId:  502951d6604e77f610000001
userId:  502951d6604e77f610000001
userId:  502951d6604e77f610000001
userId:  502951d6604e77f610000001
DEBUG: crashing child
DEBUG: Starting child process with 'coffee web.coffee'
DEBUG: crashing child
DEBUG: Starting child process with 'coffee web.coffee'
DEBUG: crashing child
DEBUG: Starting child process with 'coffee web.coffee'
DEBUG: crashing child
DEBUG: Starting child process with 'coffee web.coffee'
DEBUG: crashing child
DEBUG: Starting child process with 'coffee web.coffee'
DEBUG: crashing child
DEBUG: Starting child process with 'coffee web.coffee'
DEBUG: crashing child
DEBUG: Starting child process with 'coffee web.coffee'
DEBUG: crashing child
DEBUG: Starting child process with 'coffee web.coffee'
userId:  502951d6604e77f610000001
userId:  502951d6604e77f610000001
userId:  502951d6604e77f610000001
userId:  502951d6604e77f610000001
userId:  502951d6604e77f610000001
userId:  502951d6604e77f610000001
userId:  502951d6604e77f610000001
userId:  502951d6604e77f610000001
userId:  502951d6604e77f610000001
userId:  502951d6604e77f610000001
userId:  502951d6604e77f610000001
userId:  502951d6604e77f610000001
userId:  502951d6604e77f610000001
userId:  502951d6604e77f610000001
userId:  502951d6604e77f610000001
DEBUG: crashing child
DEBUG: Starting child process with 'coffee web.coffee'
DEBUG: crashing child
DEBUG: Starting child process with 'coffee web.coffee'
DEBUG: crashing child
DEBUG: Starting child process with 'coffee web.coffee'
DEBUG: crashing child
DEBUG: Starting child process with 'coffee web.coffee'
DEBUG: crashing child
DEBUG: Starting child process with 'coffee web.coffee'
DEBUG: crashing child
DEBUG: Starting child process with 'coffee web.coffee'
DEBUG: crashing child
DEBUG: Starting child process with 'coffee web.coffee'
DEBUG: crashing child
DEBUG: Starting child process with 'coffee web.coffee'
userId:  502951d6604e77f610000001
userId:  502951d6604e77f610000001
userId:  502951d6604e77f610000001
userId:  502951d6604e77f610000001
userId:  502951d6604e77f610000001
userId:  502951d6604e77f610000001
userId:  502951d6604e77f610000001
userId:  502951d6604e77f610000001
userId:  502951d6604e77f610000001
userId:  502951d6604e77f610000001
userId:  502951d6604e77f610000001
userId:  502951d6604e77f610000001
userId:  502951d6604e77f610000001
userId:  502951d6604e77f610000001
userId:  502951d6604e77f610000001
userId:  502951d6604e77f610000001
userId:  502951d6604e77f610000001
userId:  502951d6604e77f610000001
userId:  502951d6604e77f610000001
userId:  502951d6604e77f610000001
userId:  502951d6604e77f610000001
userId:  502951d6604e77f610000001
userId:  502951d6604e77f610000001
userId:  502951d6604e77f610000001
userId:  502951d6604e77f610000001
userId:  502951d6604e77f610000001
userId:  502951d6604e77f610000001
userId:  502951d6604e77f610000001
userId:  502951d6604e77f610000001
DEBUG: crashing child
DEBUG: Starting child process with 'coffee web.coffee'
DEBUG: crashing child
DEBUG: Starting child process with 'coffee web.coffee'
DEBUG: crashing child
DEBUG: Starting child process with 'coffee web.coffee'
DEBUG: crashing child
DEBUG: Starting child process with 'coffee web.coffee'
DEBUG: crashing child
DEBUG: Starting child process with 'coffee web.coffee'
userId:  502951d6604e77f610000001
userId:  502951d6604e77f610000001
userId:  502951d6604e77f610000001
userId:  502951d6604e77f610000001
userId:  502951d6604e77f610000001
userId:  502951d6604e77f610000001
userId:  502951d6604e77f610000001
userId:  502951d6604e77f610000001
userId:  502951d6604e77f610000001
userId:  502951d6604e77f610000001
userId:  502951d6604e77f610000001
userId:  502951d6604e77f610000001
userId:  502951d6604e77f610000001
userId:  502951d6604e77f610000001
DEBUG: crashing child
DEBUG: Starting child process with 'coffee web.coffee'
DEBUG: crashing child
DEBUG: Starting child process with 'coffee web.coffee'
DEBUG: crashing child
DEBUG: Starting child process with 'coffee web.coffee'
DEBUG: crashing child
DEBUG: Starting child process with 'coffee web.coffee'
userId:  502951d6604e77f610000001
userId:  502951d6604e77f610000001
userId:  502951d6604e77f610000001
userId:  502951d6604e77f610000001
userId:  502951d6604e77f610000001
userId:  502951d6604e77f610000001
userId:  502951d6604e77f610000001
userId:  502951d6604e77f610000001
userId:  502951d6604e77f610000001
userId:  502951d6604e77f610000001
userId:  502951d6604e77f610000001
userId:  502951d6604e77f610000001
userId:  502951d6604e77f610000001
userId:  502951d6604e77f610000001
DEBUG: crashing child
DEBUG: Starting child process with 'coffee web.coffee'
DEBUG: crashing child
DEBUG: Starting child process with 'coffee web.coffee'
userId:  502951d6604e77f610000001
userId:  502951d6604e77f610000001
userId:  502951d6604e77f610000001
userId:  502951d6604e77f610000001
userId:  502951d6604e77f610000001
userId:  502951d6604e77f610000001
userId:  502951d6604e77f610000001
userId:  502951d6604e77f610000001
userId:  502951d6604e77f610000001
userId:  502951d6604e77f610000001
userId:  502951d6604e77f610000001
userId:  502951d6604e77f610000001
userId:  502951d6604e77f610000001
DEBUG: Sending SIGHUP to child...

DEBUG: Running node-supervisor with
DEBUG:   program 'web.coffee'
DEBUG:   --watch '.'
DEBUG:   --ignore 'undefined'
DEBUG:   --extensions 'node|js|coffee'
DEBUG:   --exec 'coffee'

DEBUG: Starting child process with 'coffee web.coffee'
DEBUG: Watching directory '/Users/admin/dev/langlab/web' for changes.
userId:  502951d6604e77f610000001
userId:  502951d6604e77f610000001
userId:  502951d6604e77f610000001
userId:  502951d6604e77f610000001
userId:  502951d6604e77f610000001
userId:  502951d6604e77f610000001
userId:  502951d6604e77f610000001
userId:  502951d6604e77f610000001
userId:  502951d6604e77f610000001
userId:  502951d6604e77f610000001
userId:  502951d6604e77f610000001
userId:  502951d6604e77f610000001
userId:  502951d6604e77f610000001
userId:  502951d6604e77f610000001
userId:  502951d6604e77f610000001
userId:  502951d6604e77f610000001
userId:  502951d6604e77f610000001
userId:  502951d6604e77f610000001
userId:  502951d6604e77f610000001
userId:  502951d6604e77f610000001
userId:  502951d6604e77f610000001
userId:  502951d6604e77f610000001
userId:  502951d6604e77f610000001
userId:  502951d6604e77f610000001
userId:  502951d6604e77f610000001
userId:  502951d6604e77f610000001
userId:  502951d6604e77f610000001
userId:  502951d6604e77f610000001
userId:  502951d6604e77f610000001
userId:  502951d6604e77f610000001
userId:  502951d6604e77f610000001
userId:  502951d6604e77f610000001
userId:  502951d6604e77f610000001
userId:  502951d6604e77f610000001
userId:  502951d6604e77f610000001
userId:  502951d6604e77f610000001
userId:  502951d6604e77f610000001
userId:  502951d6604e77f610000001
userId:  502951d6604e77f610000001
userId:  502951d6604e77f610000001
userId:  502951d6604e77f610000001
userId:  502951d6604e77f610000001
userId:  502951d6604e77f610000001
DEBUG: crashing child
DEBUG: Starting child process with 'coffee web.coffee'
DEBUG: crashing child
DEBUG: Starting child process with 'coffee web.coffee'
DEBUG: crashing child
DEBUG: Starting child process with 'coffee web.coffee'
DEBUG: crashing child
DEBUG: Starting child process with 'coffee web.coffee'
DEBUG: crashing child
DEBUG: Starting child process with 'coffee web.coffee'
DEBUG: crashing child
DEBUG: Starting child process with 'coffee web.coffee'
DEBUG: crashing child
DEBUG: Starting child process with 'coffee web.coffee'
DEBUG: crashing child
DEBUG: Starting child process with 'coffee web.coffee'
DEBUG: crashing child
DEBUG: Starting child process with 'coffee web.coffee'
DEBUG: crashing child
DEBUG: Starting child process with 'coffee web.coffee'
DEBUG: crashing child
DEBUG: Starting child process with 'coffee web.coffee'
DEBUG: crashing child
DEBUG: Starting child process with 'coffee web.coffee'
DEBUG: Sending SIGHUP to child...
